<?xml version="1.0" encoding="UTF-8"?>
<testsuite name="com.bank.GirokontoControllerTest" tests="1" skipped="0" failures="0" errors="0" timestamp="2026-03-03T08:15:39.192Z" hostname="IT-NB-N2FIZRHTC" time="0.424">
  <properties/>
  <testcase name="testGetGirokontoByIban()" classname="com.bank.GirokontoControllerTest" time="0.424"/>
  <system-out><![CDATA[09:15:35.526 [Test worker] INFO org.springframework.test.context.support.AnnotationConfigContextLoaderUtils -- Could not detect default configuration classes for test class [com.bank.GirokontoControllerTest]: GirokontoControllerTest does not declare any static, non-private, non-final, nested classes annotated with @Configuration.
09:15:35.791 [Test worker] INFO org.springframework.boot.test.context.SpringBootTestContextBootstrapper -- Found @SpringBootConfiguration com.bank.Application for test class com.bank.GirokontoControllerTest

  .   ____          _            __ _ _
 /\\ / ___'_ __ _ _(_)_ __  __ _ \ \ \ \
( ( )\___ | '_ | '_| | '_ \/ _` | \ \ \ \
 \\/  ___)| |_)| | | | | || (_| |  ) ) ) )
  '  |____| .__|_| |_|_| |_\__, | / / / /
 =========|_|==============|___/=/_/_/_/

 :: Spring Boot ::                (v4.0.1)

 INFO b.GirokontoControllerTest : Starting GirokontoControllerTest using Java 17.0.0.1 with PID 19476 (started by U0554 in C:\data\DomainDrivenDesign\gradle-ddd-girokonto)
-DEBUG b.GirokontoControllerTest : Running with Spring Boot v4.0.1, Spring v7.0.2
- INFO b.GirokontoControllerTest : No active profile set, falling back to 1 default profile: "default"
- INFO ingBootMockServletContext : Initializing Spring TestDispatcherServlet ''
- INFO w.s.TestDispatcherServlet : Initializing Servlet ''
- INFO w.s.TestDispatcherServlet : Completed initialization in 5 ms
- INFO b.GirokontoControllerTest : Started GirokontoControllerTest in 3.289 seconds (process running for 5.629)
-]]></system-out>
  <system-err><![CDATA[]]></system-err>
</testsuite>
