<?xml version="1.0" encoding="UTF-8"?>
<testsuite name="com.bank.JwtAuthFilterTest" tests="3" skipped="0" failures="0" errors="0" timestamp="2026-03-03T08:15:40.053Z" hostname="IT-NB-N2FIZRHTC" time="0.393">
  <properties/>
  <testcase name="requestWithoutToken_shouldReturnUnauthorized()" classname="com.bank.JwtAuthFilterTest" time="0.021"/>
  <testcase name="requestWithValidToken_shouldReturnOk()" classname="com.bank.JwtAuthFilterTest" time="0.353"/>
  <testcase name="requestWithInvalidToken_shouldReturnUnauthorized()" classname="com.bank.JwtAuthFilterTest" time="0.014"/>
  <system-out><![CDATA[ INFO nConfigContextLoaderUtils : Could not detect default configuration classes for test class [com.bank.JwtAuthFilterTest]: JwtAuthFilterTest does not declare any static, non-private, non-final, nested classes annotated with @Configuration.
- INFO otTestContextBootstrapper : Found @SpringBootConfiguration com.bank.Application for test class com.bank.JwtAuthFilterTest
-
  .   ____          _            __ _ _
 /\\ / ___'_ __ _ _(_)_ __  __ _ \ \ \ \
( ( )\___ | '_ | '_| | '_ \/ _` | \ \ \ \
 \\/  ___)| |_)| | | | | || (_| |  ) ) ) )
  '  |____| .__|_| |_|_| |_\__, | / / / /
 =========|_|==============|___/=/_/_/_/

 :: Spring Boot ::                (v4.0.1)

 INFO om.bank.JwtAuthFilterTest : Starting JwtAuthFilterTest using Java 17.0.0.1 with PID 19476 (started by U0554 in C:\data\DomainDrivenDesign\gradle-ddd-girokonto)
-DEBUG om.bank.JwtAuthFilterTest : Running with Spring Boot v4.0.1, Spring v7.0.2
- INFO om.bank.JwtAuthFilterTest : No active profile set, falling back to 1 default profile: "default"
- INFO ingBootMockServletContext : Initializing Spring TestDispatcherServlet ''
- INFO w.s.TestDispatcherServlet : Initializing Servlet ''
- INFO w.s.TestDispatcherServlet : Completed initialization in 2 ms
- INFO om.bank.JwtAuthFilterTest : Started JwtAuthFilterTest in 0.403 seconds (process running for 6.498)
-]]></system-out>
  <system-err><![CDATA[]]></system-err>
</testsuite>
